2016-07-06 16:19:36,141 [Worker-12] INFO  o.e.m.c.i.l.LifecycleMappingFactory - Using org.maven.ide.eclipse.wtp.WarLifecycleMapping lifecycle mapping for MavenProject: nbBase:nbBase:0.0.1-SNAPSHOT @ /Users/jinx/Documents/jobs/teacher/nbBase/pom.xml.
2016-07-06 16:19:36,342 [Worker-12] WARN  o.e.m.c.i.embedder.EclipseLogger - The POM for p6spy:p6spy:jar:2.1.4 is invalid, transitive dependencies (if any) will not be available, enable debug logging for more details
2016-07-06 16:19:39,563 [Worker-15] WARN  o.e.m.c.i.embedder.EclipseLogger - The POM for p6spy:p6spy:jar:2.1.4 is invalid, transitive dependencies (if any) will not be available, enable debug logging for more details
2016-07-06 16:19:39,829 [Worker-15] WARN  o.e.m.c.i.embedder.EclipseLogger - Using platform encoding (UTF-8 actually) to copy filtered resources, i.e. build is platform dependent!
2016-07-06 16:19:39,829 [Worker-15] INFO  o.e.m.c.i.embedder.EclipseLogger - skip non existing resourceDirectory /Users/jinx/Documents/jobs/teacher/nbBase/src/main/resources
2016-07-06 16:19:39,831 [Worker-15] WARN  o.e.m.c.i.embedder.EclipseLogger - Using platform encoding (UTF-8 actually) to copy filtered resources, i.e. build is platform dependent!
2016-07-06 16:19:39,831 [Worker-15] INFO  o.e.m.c.i.embedder.EclipseLogger - skip non existing resourceDirectory /Users/jinx/Documents/jobs/teacher/nbBase/src/test/resources
2016-07-06 16:25:51,194 [Worker-22] WARN  o.e.m.c.i.embedder.EclipseLogger - Using platform encoding (UTF-8 actually) to copy filtered resources, i.e. build is platform dependent!
2016-07-06 16:25:51,195 [Worker-22] INFO  o.e.m.c.i.embedder.EclipseLogger - skip non existing resourceDirectory /Users/jinx/Documents/jobs/teacher/nbBase/src/main/resources
2016-07-06 16:25:51,196 [Worker-22] WARN  o.e.m.c.i.embedder.EclipseLogger - Using platform encoding (UTF-8 actually) to copy filtered resources, i.e. build is platform dependent!
2016-07-06 16:25:51,197 [Worker-22] INFO  o.e.m.c.i.embedder.EclipseLogger - skip non existing resourceDirectory /Users/jinx/Documents/jobs/teacher/nbBase/src/test/resources
2016-07-06 16:26:43,919 [Worker-21] WARN  o.e.m.c.i.embedder.EclipseLogger - Using platform encoding (UTF-8 actually) to copy filtered resources, i.e. build is platform dependent!
2016-07-06 16:26:43,919 [Worker-21] INFO  o.e.m.c.i.embedder.EclipseLogger - skip non existing resourceDirectory /Users/jinx/Documents/jobs/teacher/nbBase/src/main/resources
2016-07-06 16:26:43,920 [Worker-21] WARN  o.e.m.c.i.embedder.EclipseLogger - Using platform encoding (UTF-8 actually) to copy filtered resources, i.e. build is platform dependent!
2016-07-06 16:26:43,921 [Worker-21] INFO  o.e.m.c.i.embedder.EclipseLogger - skip non existing resourceDirectory /Users/jinx/Documents/jobs/teacher/nbBase/src/test/resources
2016-07-06 16:29:07,750 [Worker-24] WARN  o.e.m.c.i.embedder.EclipseLogger - Using platform encoding (UTF-8 actually) to copy filtered resources, i.e. build is platform dependent!
2016-07-06 16:29:07,751 [Worker-24] INFO  o.e.m.c.i.embedder.EclipseLogger - skip non existing resourceDirectory /Users/jinx/Documents/jobs/teacher/nbBase/src/main/resources
2016-07-06 16:29:07,752 [Worker-24] WARN  o.e.m.c.i.embedder.EclipseLogger - Using platform encoding (UTF-8 actually) to copy filtered resources, i.e. build is platform dependent!
2016-07-06 16:29:07,752 [Worker-24] INFO  o.e.m.c.i.embedder.EclipseLogger - skip non existing resourceDirectory /Users/jinx/Documents/jobs/teacher/nbBase/src/test/resources
2016-07-06 16:29:49,287 [Worker-17] INFO  o.e.m.i.launch.MavenLaunchDelegate - /Users/jinx/Documents/jobs/teacher/nbBase
2016-07-06 16:29:49,287 [Worker-17] INFO  o.e.m.i.launch.MavenLaunchDelegate -  mvn  -B clean
2016-07-06 16:29:50,843 [Worker-26] WARN  o.e.m.c.i.embedder.EclipseLogger - Using platform encoding (UTF-8 actually) to copy filtered resources, i.e. build is platform dependent!
2016-07-06 16:29:50,843 [Worker-26] INFO  o.e.m.c.i.embedder.EclipseLogger - skip non existing resourceDirectory /Users/jinx/Documents/jobs/teacher/nbBase/src/main/resources
2016-07-06 16:29:50,844 [Worker-26] WARN  o.e.m.c.i.embedder.EclipseLogger - Using platform encoding (UTF-8 actually) to copy filtered resources, i.e. build is platform dependent!
2016-07-06 16:29:50,845 [Worker-26] INFO  o.e.m.c.i.embedder.EclipseLogger - skip non existing resourceDirectory /Users/jinx/Documents/jobs/teacher/nbBase/src/test/resources
2016-07-06 16:29:50,846 [Worker-26] INFO  o.e.m.w.i.f.ResourceFilteringBuildParticipant - Changed resources require a complete clean of filtered resources of nbBase
2016-07-06 16:29:50,847 [Worker-26] INFO  o.e.m.w.i.f.ResourceFilteringBuildParticipant - Executing resource filtering for nbBase
2016-07-06 16:29:50,860 [Worker-26] WARN  o.e.m.c.i.embedder.EclipseLogger - Using platform encoding (UTF-8 actually) to copy filtered resources, i.e. build is platform dependent!
2016-07-06 16:29:57,894 [Worker-16] INFO  o.e.m.i.launch.MavenLaunchDelegate - /Users/jinx/Documents/jobs/teacher/nbBase
2016-07-06 16:29:57,894 [Worker-16] INFO  o.e.m.i.launch.MavenLaunchDelegate -  mvn  -B install
2016-07-06 16:56:06,601 [Worker-35] WARN  o.e.m.c.i.embedder.EclipseLogger - Using platform encoding (UTF-8 actually) to copy filtered resources, i.e. build is platform dependent!
2016-07-06 16:56:06,601 [Worker-35] INFO  o.e.m.c.i.embedder.EclipseLogger - skip non existing resourceDirectory /Users/jinx/Documents/jobs/teacher/nbBase/src/main/resources
2016-07-06 16:56:06,602 [Worker-35] WARN  o.e.m.c.i.embedder.EclipseLogger - Using platform encoding (UTF-8 actually) to copy filtered resources, i.e. build is platform dependent!
2016-07-06 16:56:06,603 [Worker-35] INFO  o.e.m.c.i.embedder.EclipseLogger - skip non existing resourceDirectory /Users/jinx/Documents/jobs/teacher/nbBase/src/test/resources
2016-07-06 16:57:34,088 [Worker-34] INFO  o.e.m.i.launch.MavenLaunchDelegate - /Users/jinx/Documents/jobs/teacher/nbBase
2016-07-06 16:57:34,088 [Worker-34] INFO  o.e.m.i.launch.MavenLaunchDelegate -  mvn  -B clean
2016-07-06 16:57:35,560 [Worker-24] WARN  o.e.m.c.i.embedder.EclipseLogger - Using platform encoding (UTF-8 actually) to copy filtered resources, i.e. build is platform dependent!
2016-07-06 16:57:35,561 [Worker-24] INFO  o.e.m.c.i.embedder.EclipseLogger - skip non existing resourceDirectory /Users/jinx/Documents/jobs/teacher/nbBase/src/main/resources
2016-07-06 16:57:35,562 [Worker-24] WARN  o.e.m.c.i.embedder.EclipseLogger - Using platform encoding (UTF-8 actually) to copy filtered resources, i.e. build is platform dependent!
2016-07-06 16:57:35,562 [Worker-24] INFO  o.e.m.c.i.embedder.EclipseLogger - skip non existing resourceDirectory /Users/jinx/Documents/jobs/teacher/nbBase/src/test/resources
2016-07-06 16:57:35,563 [Worker-24] INFO  o.e.m.w.i.f.ResourceFilteringBuildParticipant - Changed resources require a complete clean of filtered resources of nbBase
2016-07-06 16:57:35,563 [Worker-24] INFO  o.e.m.w.i.f.ResourceFilteringBuildParticipant - Executing resource filtering for nbBase
2016-07-06 16:57:35,567 [Worker-24] WARN  o.e.m.c.i.embedder.EclipseLogger - Using platform encoding (UTF-8 actually) to copy filtered resources, i.e. build is platform dependent!
2016-07-06 16:57:47,275 [main] INFO  o.e.m2e.actions.ExecutePomAction - Creating new launch configuration
2016-07-06 16:57:57,164 [main] INFO  o.e.m2e.actions.ExecutePomAction - Using existing launch configuration
2016-07-06 16:58:02,645 [Worker-35] INFO  o.e.m.i.launch.MavenLaunchDelegate - /Users/jinx/Documents/jobs/teacher/nbBase
2016-07-06 16:58:02,645 [Worker-35] INFO  o.e.m.i.launch.MavenLaunchDelegate -  mvn  -B generate-sources
2016-07-06 16:58:09,125 [Worker-35] INFO  o.e.m.i.launch.MavenLaunchDelegate - /Users/jinx/Documents/jobs/teacher/nbBase
2016-07-06 16:58:09,126 [Worker-35] INFO  o.e.m.i.launch.MavenLaunchDelegate -  mvn  -B install
2016-07-06 16:58:12,460 [Worker-37] WARN  o.e.m.c.i.embedder.EclipseLogger - Using platform encoding (UTF-8 actually) to copy filtered resources, i.e. build is platform dependent!
2016-07-06 16:58:12,461 [Worker-37] INFO  o.e.m.c.i.embedder.EclipseLogger - skip non existing resourceDirectory /Users/jinx/Documents/jobs/teacher/nbBase/src/main/resources
2016-07-06 16:58:12,462 [Worker-37] WARN  o.e.m.c.i.embedder.EclipseLogger - Using platform encoding (UTF-8 actually) to copy filtered resources, i.e. build is platform dependent!
2016-07-06 16:58:12,463 [Worker-37] INFO  o.e.m.c.i.embedder.EclipseLogger - skip non existing resourceDirectory /Users/jinx/Documents/jobs/teacher/nbBase/src/test/resources
2016-07-06 17:00:53,381 [Worker-0] WARN  o.e.m.c.i.embedder.EclipseLogger - The POM for p6spy:p6spy:jar:2.1.4 is invalid, transitive dependencies (if any) will not be available, enable debug logging for more details
2016-07-06 17:00:54,231 [Worker-3] WARN  o.e.m.c.i.embedder.EclipseLogger - Using platform encoding (UTF-8 actually) to copy filtered resources, i.e. build is platform dependent!
2016-07-06 17:00:54,232 [Worker-3] INFO  o.e.m.c.i.embedder.EclipseLogger - skip non existing resourceDirectory /Users/jinx/Documents/jobs/teacher/nbBase/src/main/resources
2016-07-06 17:00:54,236 [Worker-3] WARN  o.e.m.c.i.embedder.EclipseLogger - Using platform encoding (UTF-8 actually) to copy filtered resources, i.e. build is platform dependent!
2016-07-06 17:00:54,237 [Worker-3] INFO  o.e.m.c.i.embedder.EclipseLogger - skip non existing resourceDirectory /Users/jinx/Documents/jobs/teacher/nbBase/src/test/resources
2016-07-06 17:03:37,643 [Worker-6] WARN  o.e.m.c.i.embedder.EclipseLogger - Using platform encoding (UTF-8 actually) to copy filtered resources, i.e. build is platform dependent!
2016-07-06 17:03:37,644 [Worker-6] INFO  o.e.m.c.i.embedder.EclipseLogger - skip non existing resourceDirectory /Users/jinx/Documents/jobs/teacher/nbBase/src/main/resources
2016-07-06 17:03:37,645 [Worker-6] WARN  o.e.m.c.i.embedder.EclipseLogger - Using platform encoding (UTF-8 actually) to copy filtered resources, i.e. build is platform dependent!
2016-07-06 17:03:37,645 [Worker-6] INFO  o.e.m.c.i.embedder.EclipseLogger - skip non existing resourceDirectory /Users/jinx/Documents/jobs/teacher/nbBase/src/test/resources
2016-07-06 17:04:53,679 [Worker-7] WARN  o.e.m.c.i.embedder.EclipseLogger - The POM for p6spy:p6spy:jar:2.1.4 is invalid, transitive dependencies (if any) will not be available, enable debug logging for more details
2016-07-06 17:04:54,143 [Worker-7] WARN  o.e.m.c.i.embedder.EclipseLogger - Using platform encoding (UTF-8 actually) to copy filtered resources, i.e. build is platform dependent!
2016-07-06 17:04:54,144 [Worker-7] INFO  o.e.m.c.i.embedder.EclipseLogger - skip non existing resourceDirectory /Users/jinx/Documents/jobs/teacher/nbBase/src/main/resources
2016-07-06 17:04:54,146 [Worker-7] WARN  o.e.m.c.i.embedder.EclipseLogger - Using platform encoding (UTF-8 actually) to copy filtered resources, i.e. build is platform dependent!
2016-07-06 17:04:54,146 [Worker-7] INFO  o.e.m.c.i.embedder.EclipseLogger - skip non existing resourceDirectory /Users/jinx/Documents/jobs/teacher/nbBase/src/test/resources
2016-07-06 17:08:32,008 [Worker-18] WARN  o.e.m.c.i.embedder.EclipseLogger - Using platform encoding (UTF-8 actually) to copy filtered resources, i.e. build is platform dependent!
2016-07-06 17:08:32,009 [Worker-18] INFO  o.e.m.c.i.embedder.EclipseLogger - skip non existing resourceDirectory /Users/jinx/Documents/jobs/teacher/nbBase/src/main/resources
2016-07-06 17:08:32,010 [Worker-18] WARN  o.e.m.c.i.embedder.EclipseLogger - Using platform encoding (UTF-8 actually) to copy filtered resources, i.e. build is platform dependent!
2016-07-06 17:08:32,010 [Worker-18] INFO  o.e.m.c.i.embedder.EclipseLogger - skip non existing resourceDirectory /Users/jinx/Documents/jobs/teacher/nbBase/src/test/resources
2016-07-06 17:09:00,263 [Worker-7] WARN  o.e.m.c.i.embedder.EclipseLogger - The POM for p6spy:p6spy:jar:2.1.4 is invalid, transitive dependencies (if any) will not be available, enable debug logging for more details
2016-07-06 17:09:00,937 [Worker-7] WARN  o.e.m.c.i.embedder.EclipseLogger - Using platform encoding (UTF-8 actually) to copy filtered resources, i.e. build is platform dependent!
2016-07-06 17:09:00,958 [Worker-7] INFO  o.e.m.c.i.embedder.EclipseLogger - skip non existing resourceDirectory /Users/jinx/Documents/jobs/teacher/nbBase/src/main/resources
2016-07-06 17:09:00,996 [Worker-7] WARN  o.e.m.c.i.embedder.EclipseLogger - Using platform encoding (UTF-8 actually) to copy filtered resources, i.e. build is platform dependent!
2016-07-06 17:09:01,064 [Worker-7] INFO  o.e.m.c.i.embedder.EclipseLogger - skip non existing resourceDirectory /Users/jinx/Documents/jobs/teacher/nbBase/src/test/resources
2016-07-06 17:10:26,791 [Worker-13] WARN  o.e.m.c.i.embedder.EclipseLogger - Using platform encoding (UTF-8 actually) to copy filtered resources, i.e. build is platform dependent!
2016-07-06 17:10:26,792 [Worker-13] INFO  o.e.m.c.i.embedder.EclipseLogger - skip non existing resourceDirectory /Users/jinx/Documents/jobs/teacher/nbBase/src/main/resources
2016-07-06 17:10:26,794 [Worker-13] WARN  o.e.m.c.i.embedder.EclipseLogger - Using platform encoding (UTF-8 actually) to copy filtered resources, i.e. build is platform dependent!
2016-07-06 17:10:26,794 [Worker-13] INFO  o.e.m.c.i.embedder.EclipseLogger - skip non existing resourceDirectory /Users/jinx/Documents/jobs/teacher/nbBase/src/test/resources
2016-07-07 09:23:29,162 [Worker-6] WARN  o.e.m.c.i.embedder.EclipseLogger - The POM for p6spy:p6spy:jar:2.1.4 is invalid, transitive dependencies (if any) will not be available, enable debug logging for more details
2016-07-07 09:23:29,578 [Worker-6] WARN  o.e.m.c.i.embedder.EclipseLogger - Using platform encoding (UTF-8 actually) to copy filtered resources, i.e. build is platform dependent!
2016-07-07 09:23:29,579 [Worker-6] INFO  o.e.m.c.i.embedder.EclipseLogger - skip non existing resourceDirectory /Users/jinx/Documents/jobs/teacher/nbBase/src/main/resources
2016-07-07 09:23:29,580 [Worker-6] WARN  o.e.m.c.i.embedder.EclipseLogger - Using platform encoding (UTF-8 actually) to copy filtered resources, i.e. build is platform dependent!
2016-07-07 09:23:29,581 [Worker-6] INFO  o.e.m.c.i.embedder.EclipseLogger - skip non existing resourceDirectory /Users/jinx/Documents/jobs/teacher/nbBase/src/test/resources
